<?xml version="1.0" encoding="UTF-8"?>
<testng-results ignored="0" total="1" passed="1" failed="0" skipped="0">
  <reporter-output>
  </reporter-output>
  <suite started-at="2025-07-11T16:08:13 IST" name="Default suite" finished-at="2025-07-11T16:12:03 IST" duration-ms="229380">
    <groups>
    </groups>
    <test started-at="2025-07-11T16:08:13 IST" name="Default test" finished-at="2025-07-11T16:12:03 IST" duration-ms="229380">
      <class name="customerForecaste.CompareTest">
        <test-method is-config="true" signature="setUp()[pri:0, instance:customerForecaste.CompareTest@279fedbd]" started-at="2025-07-11T16:08:13 IST" name="setUp" finished-at="2025-07-11T16:08:21 IST" duration-ms="7415" status="PASS">
          <reporter-output>
          </reporter-output>
        </test-method> <!-- setUp -->
        <test-method signature="testForecastComparisonForAllStores()[pri:0, instance:customerForecaste.CompareTest@279fedbd]" started-at="2025-07-11T16:08:21 IST" name="testForecastComparisonForAllStores" finished-at="2025-07-11T16:12:03 IST" duration-ms="221912" status="PASS">
          <reporter-output>
          </reporter-output>
        </test-method> <!-- testForecastComparisonForAllStores -->
      </class> <!-- customerForecaste.CompareTest -->
    </test> <!-- Default test -->
  </suite> <!-- Default suite -->
</testng-results>
